2021-01-28 14:04:05 - dagster-daemon - INFO - instance is configured with the following daemons: ['SchedulerDaemon', 'SensorDaemon']
2021-01-28 14:04:05 - SchedulerDaemon - INFO - Checking for new runs for the following schedules: schedule_data_mining_pipeline
2021-01-28 14:04:06 - SchedulerDaemon - ERROR - Scheduler failed for schedule_data_mining_pipeline : dagster.core.errors.DagsterUserCodeProcessError: FileNotFoundError: [Errno 2] No such file or directory: '/Users/olivierdupuis/Git/dio/orchestration/data_mining_pipeline.py'

Stack Trace:
  File "/Users/olivierdupuis/.pyenv/versions/3.7.4/envs/venv_dio_orchestration/lib/python3.7/site-packages/dagster/grpc/server.py", line 350, in ListRepositories
    self._repository_symbols_and_code_pointers.loadable_repository_symbols,
  File "/Users/olivierdupuis/.pyenv/versions/3.7.4/envs/venv_dio_orchestration/lib/python3.7/site-packages/dagster/grpc/server.py", line 107, in loadable_repository_symbols
    self.load()
  File "/Users/olivierdupuis/.pyenv/versions/3.7.4/envs/venv_dio_orchestration/lib/python3.7/site-packages/dagster/grpc/server.py", line 98, in load
    self._loadable_target_origin
  File "/Users/olivierdupuis/.pyenv/versions/3.7.4/envs/venv_dio_orchestration/lib/python3.7/site-packages/dagster/grpc/server.py", line 126, in load_loadable_repository_symbols
    loadable_target_origin.attribute,
  File "/Users/olivierdupuis/.pyenv/versions/3.7.4/envs/venv_dio_orchestration/lib/python3.7/site-packages/dagster/grpc/utils.py", line 25, in get_loadable_targets
    else loadable_targets_from_python_file(python_file, working_directory)
  File "/Users/olivierdupuis/.pyenv/versions/3.7.4/envs/venv_dio_orchestration/lib/python3.7/site-packages/dagster/cli/workspace/autodiscovery.py", line 11, in loadable_targets_from_python_file
    loaded_module = load_python_file(python_file, working_directory)
  File "/Users/olivierdupuis/.pyenv/versions/3.7.4/envs/venv_dio_orchestration/lib/python3.7/site-packages/dagster/core/code_pointer.py", line 87, in load_python_file
    os.stat(python_file)


Stack Trace:
  File "/Users/olivierdupuis/.pyenv/versions/3.7.4/envs/venv_dio_orchestration/lib/python3.7/site-packages/dagster/scheduler/scheduler.py", line 87, in launch_scheduled_runs
    schedule_state.origin.external_repository_origin.repository_location_origin
  File "/Users/olivierdupuis/.pyenv/versions/3.7.4/envs/venv_dio_orchestration/lib/python3.7/site-packages/dagster/core/host_representation/handle.py", line 57, in create_from_repository_location_origin
    return ManagedGrpcPythonEnvRepositoryLocationHandle(repo_location_origin)
  File "/Users/olivierdupuis/.pyenv/versions/3.7.4/envs/venv_dio_orchestration/lib/python3.7/site-packages/dagster/core/host_representation/handle.py", line 212, in __init__
    list_repositories_response = sync_list_repositories_grpc(self.client)
  File "/Users/olivierdupuis/.pyenv/versions/3.7.4/envs/venv_dio_orchestration/lib/python3.7/site-packages/dagster/api/list_repositories.py", line 17, in sync_list_repositories_grpc
    result.to_string(), user_code_process_error_infos=[result]

2021-01-28 14:04:06 - SensorDaemon - INFO - Not checking for any runs since no sensors have been started.
2021-01-28 14:04:35 - SchedulerDaemon - INFO - Checking for new runs for the following schedules: schedule_data_mining_pipeline, schedule_load_data_to_dw_pipeline
2021-01-28 14:04:37 - SchedulerDaemon - WARNING - Using the system timezone, America/Toronto, for schedule_data_mining_pipeline as it did not specify an execution_timezone in its definition. Specifying an execution_timezone on all schedules will be required in the dagster 0.11.0 release.
2021-01-28 14:04:37 - SchedulerDaemon - INFO - No new runs for schedule_data_mining_pipeline
2021-01-28 14:04:37 - SensorDaemon - INFO - Not checking for any runs since no sensors have been started.
2021-01-28 14:04:38 - SchedulerDaemon - WARNING - Using the system timezone, America/Toronto, for schedule_load_data_to_dw_pipeline as it did not specify an execution_timezone in its definition. Specifying an execution_timezone on all schedules will be required in the dagster 0.11.0 release.
2021-01-28 14:04:38 - SchedulerDaemon - INFO - No new runs for schedule_load_data_to_dw_pipeline
2021-01-28 14:05:06 - SchedulerDaemon - INFO - Checking for new runs for the following schedules: schedule_data_mining_pipeline, schedule_load_data_to_dw_pipeline
2021-01-28 14:05:07 - SchedulerDaemon - WARNING - Using the system timezone, America/Toronto, for schedule_data_mining_pipeline as it did not specify an execution_timezone in its definition. Specifying an execution_timezone on all schedules will be required in the dagster 0.11.0 release.
2021-01-28 14:05:07 - SchedulerDaemon - INFO - No new runs for schedule_data_mining_pipeline
2021-01-28 14:05:07 - SensorDaemon - INFO - Not checking for any runs since no sensors have been started.
2021-01-28 14:05:08 - SchedulerDaemon - WARNING - Using the system timezone, America/Toronto, for schedule_load_data_to_dw_pipeline as it did not specify an execution_timezone in its definition. Specifying an execution_timezone on all schedules will be required in the dagster 0.11.0 release.
2021-01-28 14:05:08 - SchedulerDaemon - INFO - Evaluating schedule `schedule_load_data_to_dw_pipeline` at 2021-01-28 14:05:00-0500
2021-01-28 14:05:09 - SchedulerDaemon - INFO - Completed scheduled launch of run 3000182f-c5c8-422f-a665-ee0645034ec4 for schedule_load_data_to_dw_pipeline
2021-01-28 14:05:09 - dagster - DEBUG - load_data_to_dw_pipeline - 3000182f-c5c8-422f-a665-ee0645034ec4 - 35885 - launch_snowpipe - ENGINE_EVENT - Starting initialization of resources [io_manager, snowflake].
2021-01-28 14:05:09 - dagster - DEBUG - load_data_to_dw_pipeline - 3000182f-c5c8-422f-a665-ee0645034ec4 - 35885 - launch_snowpipe - ENGINE_EVENT - Finished initialization of resources [io_manager, snowflake].
2021-01-28 14:05:09 - dagster - DEBUG - load_data_to_dw_pipeline - 3000182f-c5c8-422f-a665-ee0645034ec4 - 35885 - PIPELINE_START - Started execution of pipeline "load_data_to_dw_pipeline".
2021-01-28 14:05:09 - dagster - DEBUG - load_data_to_dw_pipeline - 3000182f-c5c8-422f-a665-ee0645034ec4 - 35885 - ENGINE_EVENT - Executing steps in process (pid: 35885)
2021-01-28 14:05:09 - dagster - DEBUG - load_data_to_dw_pipeline - 3000182f-c5c8-422f-a665-ee0645034ec4 - 35885 - launch_snowpipe - STEP_START - Started execution of step "launch_snowpipe".
2021-01-28 14:05:11 - dagster - INFO - resource:snowflake - 3000182f-c5c8-422f-a665-ee0645034ec4 - launch_snowpipe - Executing query: alter pipe gdelt_events_pipe refresh;
2021-01-28 14:05:12 - dagster - DEBUG - load_data_to_dw_pipeline - 3000182f-c5c8-422f-a665-ee0645034ec4 - 35885 - launch_snowpipe - STEP_OUTPUT - Yielded output "result" of type "Any". (Type check passed).
2021-01-28 14:05:12 - dagster - DEBUG - load_data_to_dw_pipeline - 3000182f-c5c8-422f-a665-ee0645034ec4 - 35885 - launch_snowpipe - HANDLED_OUTPUT - Handled output "result" using output manager "io_manager"
2021-01-28 14:05:12 - dagster - DEBUG - load_data_to_dw_pipeline - 3000182f-c5c8-422f-a665-ee0645034ec4 - 35885 - launch_snowpipe - STEP_SUCCESS - Finished execution of step "launch_snowpipe" in 3.53s.
2021-01-28 14:05:12 - dagster - DEBUG - load_data_to_dw_pipeline - 3000182f-c5c8-422f-a665-ee0645034ec4 - 35885 - ENGINE_EVENT - Finished steps in process (pid: 35885) in 3.58s
2021-01-28 14:05:12 - dagster - DEBUG - load_data_to_dw_pipeline - 3000182f-c5c8-422f-a665-ee0645034ec4 - 35885 - PIPELINE_SUCCESS - Finished execution of pipeline "load_data_to_dw_pipeline".
2021-01-28 14:05:36 - SchedulerDaemon - INFO - Checking for new runs for the following schedules: schedule_data_mining_pipeline, schedule_load_data_to_dw_pipeline
2021-01-28 14:05:37 - SchedulerDaemon - WARNING - Using the system timezone, America/Toronto, for schedule_data_mining_pipeline as it did not specify an execution_timezone in its definition. Specifying an execution_timezone on all schedules will be required in the dagster 0.11.0 release.
2021-01-28 14:05:37 - SchedulerDaemon - INFO - No new runs for schedule_data_mining_pipeline
2021-01-28 14:05:37 - SensorDaemon - INFO - Not checking for any runs since no sensors have been started.
2021-01-28 14:05:38 - SchedulerDaemon - WARNING - Using the system timezone, America/Toronto, for schedule_load_data_to_dw_pipeline as it did not specify an execution_timezone in its definition. Specifying an execution_timezone on all schedules will be required in the dagster 0.11.0 release.
2021-01-28 14:05:38 - SchedulerDaemon - INFO - No new runs for schedule_load_data_to_dw_pipeline
2021-01-28 14:06:06 - SchedulerDaemon - INFO - Checking for new runs for the following schedules: schedule_data_mining_pipeline, schedule_load_data_to_dw_pipeline
2021-01-28 14:06:07 - SchedulerDaemon - WARNING - Using the system timezone, America/Toronto, for schedule_data_mining_pipeline as it did not specify an execution_timezone in its definition. Specifying an execution_timezone on all schedules will be required in the dagster 0.11.0 release.
2021-01-28 14:06:07 - SchedulerDaemon - INFO - No new runs for schedule_data_mining_pipeline
2021-01-28 14:06:07 - SensorDaemon - INFO - Not checking for any runs since no sensors have been started.
2021-01-28 14:06:08 - SchedulerDaemon - WARNING - Using the system timezone, America/Toronto, for schedule_load_data_to_dw_pipeline as it did not specify an execution_timezone in its definition. Specifying an execution_timezone on all schedules will be required in the dagster 0.11.0 release.
2021-01-28 14:06:08 - SchedulerDaemon - INFO - No new runs for schedule_load_data_to_dw_pipeline
2021-01-28 14:06:37 - SchedulerDaemon - INFO - Checking for new runs for the following schedules: schedule_data_mining_pipeline, schedule_load_data_to_dw_pipeline
2021-01-28 14:06:38 - SchedulerDaemon - WARNING - Using the system timezone, America/Toronto, for schedule_data_mining_pipeline as it did not specify an execution_timezone in its definition. Specifying an execution_timezone on all schedules will be required in the dagster 0.11.0 release.
2021-01-28 14:06:38 - SchedulerDaemon - INFO - No new runs for schedule_data_mining_pipeline
2021-01-28 14:06:38 - SensorDaemon - INFO - Not checking for any runs since no sensors have been started.
2021-01-28 14:06:39 - SchedulerDaemon - WARNING - Using the system timezone, America/Toronto, for schedule_load_data_to_dw_pipeline as it did not specify an execution_timezone in its definition. Specifying an execution_timezone on all schedules will be required in the dagster 0.11.0 release.
2021-01-28 14:06:39 - SchedulerDaemon - INFO - No new runs for schedule_load_data_to_dw_pipeline
2021-01-28 14:07:07 - SchedulerDaemon - INFO - Checking for new runs for the following schedules: schedule_data_mining_pipeline, schedule_load_data_to_dw_pipeline
2021-01-28 14:07:08 - SchedulerDaemon - WARNING - Using the system timezone, America/Toronto, for schedule_data_mining_pipeline as it did not specify an execution_timezone in its definition. Specifying an execution_timezone on all schedules will be required in the dagster 0.11.0 release.
2021-01-28 14:07:08 - SchedulerDaemon - INFO - No new runs for schedule_data_mining_pipeline
2021-01-28 14:07:08 - SensorDaemon - INFO - Not checking for any runs since no sensors have been started.
2021-01-28 14:07:09 - SchedulerDaemon - WARNING - Using the system timezone, America/Toronto, for schedule_load_data_to_dw_pipeline as it did not specify an execution_timezone in its definition. Specifying an execution_timezone on all schedules will be required in the dagster 0.11.0 release.
2021-01-28 14:07:09 - SchedulerDaemon - INFO - No new runs for schedule_load_data_to_dw_pipeline
2021-01-28 14:07:37 - SchedulerDaemon - INFO - Checking for new runs for the following schedules: schedule_data_mining_pipeline, schedule_load_data_to_dw_pipeline
2021-01-28 14:07:38 - SchedulerDaemon - WARNING - Using the system timezone, America/Toronto, for schedule_data_mining_pipeline as it did not specify an execution_timezone in its definition. Specifying an execution_timezone on all schedules will be required in the dagster 0.11.0 release.
2021-01-28 14:07:38 - SchedulerDaemon - INFO - No new runs for schedule_data_mining_pipeline
2021-01-28 14:07:38 - SensorDaemon - INFO - Not checking for any runs since no sensors have been started.
2021-01-28 14:07:39 - SchedulerDaemon - WARNING - Using the system timezone, America/Toronto, for schedule_load_data_to_dw_pipeline as it did not specify an execution_timezone in its definition. Specifying an execution_timezone on all schedules will be required in the dagster 0.11.0 release.
2021-01-28 14:07:39 - SchedulerDaemon - INFO - No new runs for schedule_load_data_to_dw_pipeline
